#
# There is insufficient memory for the Java Runtime Environment to continue.
# Native memory allocation (mmap) failed to map 65536 bytes for Failed to commit metaspace.
# Possible reasons:
#   The system is out of physical RAM or swap space
#   The process is running with CompressedOops enabled, and the Java Heap may be blocking the growth of the native heap
# Possible solutions:
#   Reduce memory load on the system
#   Increase physical memory or swap space
#   Check if swap backing store is full
#   Decrease Java heap size (-Xmx/-Xms)
#   Decrease number of Java threads
#   Decrease Java thread stack sizes (-Xss)
#   Set larger code cache with -XX:ReservedCodeCacheSize=
#   JVM is running with Unscaled Compressed Oops mode in which the Java heap is
#     placed in the first 4GB address space. The Java Heap base address is the
#     maximum limit for the native heap growth. Please use -XX:HeapBaseMinAddress
#     to set the Java Heap base and to place the Java Heap above 4GB virtual address.
# This output file may be truncated or incomplete.
#
#  Out of Memory Error (virtualSpaceNode.cpp:110), pid=44952, tid=43920
#
# JRE version: Java(TM) SE Runtime Environment (18.0.1.1+2) (build 18.0.1.1+2-6)
# Java VM: Java HotSpot(TM) 64-Bit Server VM (18.0.1.1+2-6, mixed mode, sharing, tiered, compressed oops, compressed class ptrs, g1 gc, windows-amd64)
# No core dump will be written. Minidumps are not enabled by default on client versions of Windows
#

---------------  S U M M A R Y ------------

Command Line: -javaagent:C:\Program Files\JetBrains\IntelliJ IDEA Community Edition 2022.1.1\lib\idea_rt.jar=61970:C:\Program Files\JetBrains\IntelliJ IDEA Community Edition 2022.1.1\bin -Dfile.encoding=UTF-8 br.com.tayluan.consumer.ConsumerApplication

Host: Intel(R) Core(TM) i3-10110U CPU @ 2.10GHz, 4 cores, 3G,  Windows 11 , 64 bit Build 22621 (10.0.22621.1194)
Time: Mon Mar  6 17:43:51 2023 Hora oficial do Brasil elapsed time: 1.979020 seconds (0d 0h 0m 1s)

---------------  T H R E A D  ---------------

Current thread (0x000001e12ad29610):  JavaThread "main" [_thread_in_vm, id=43920, stack(0x000000cd85400000,0x000000cd85500000)]

Stack: [0x000000cd85400000,0x000000cd85500000]
Native frames: (J=compiled Java code, j=interpreted, Vv=VM code, C=native code)
V  [jvm.dll+0x69887a]
V  [jvm.dll+0x7f38bd]
V  [jvm.dll+0x7f51ce]
V  [jvm.dll+0x7f5883]
V  [jvm.dll+0x25ca3f]
V  [jvm.dll+0x7ef5cb]
V  [jvm.dll+0x63ea76]
V  [jvm.dll+0x1d721e]
V  [jvm.dll+0x64141b]
V  [jvm.dll+0x64121e]
V  [jvm.dll+0x63f43e]
V  [jvm.dll+0x25108f]
V  [jvm.dll+0x649a75]
V  [jvm.dll+0x202381]
V  [jvm.dll+0x2028b5]
V  [jvm.dll+0x2032ef]
V  [jvm.dll+0x1f8781]
V  [jvm.dll+0x55d685]
V  [jvm.dll+0x76db23]
V  [jvm.dll+0x76dc04]
V  [jvm.dll+0x42d234]
V  [jvm.dll+0x432f3f]
C  [java.dll+0x17ec]

Java frames: (J=compiled Java code, j=interpreted, Vv=VM code)
J 793  java.lang.ClassLoader.defineClass1(Ljava/lang/ClassLoader;Ljava/lang/String;[BIILjava/security/ProtectionDomain;Ljava/lang/String;)Ljava/lang/Class; java.base@18.0.1.1 (0 bytes) @ 0x000001e13a1625e3 [0x000001e13a162520+0x00000000000000c3]
J 1063 c1 java.lang.ClassLoader.defineClass(Ljava/lang/String;[BIILjava/security/ProtectionDomain;)Ljava/lang/Class; java.base@18.0.1.1 (43 bytes) @ 0x000001e132dc9154 [0x000001e132dc8e00+0x0000000000000354]
J 965 c1 java.security.SecureClassLoader.defineClass(Ljava/lang/String;[BIILjava/security/CodeSource;)Ljava/lang/Class; java.base@18.0.1.1 (16 bytes) @ 0x000001e132d9950c [0x000001e132d99440+0x00000000000000cc]
J 894 c1 jdk.internal.loader.BuiltinClassLoader.defineClass(Ljava/lang/String;Ljdk/internal/loader/Resource;)Ljava/lang/Class; java.base@18.0.1.1 (121 bytes) @ 0x000001e132d7ee64 [0x000001e132d7df00+0x0000000000000f64]
J 754 c1 jdk.internal.loader.BuiltinClassLoader.findClassOnClassPathOrNull(Ljava/lang/String;)Ljava/lang/Class; java.base@18.0.1.1 (64 bytes) @ 0x000001e132d315b4 [0x000001e132d308e0+0x0000000000000cd4]
J 480 c1 jdk.internal.loader.BuiltinClassLoader.loadClassOrNull(Ljava/lang/String;Z)Ljava/lang/Class; java.base@18.0.1.1 (143 bytes) @ 0x000001e132c91e34 [0x000001e132c913c0+0x0000000000000a74]
J 761 c1 jdk.internal.loader.ClassLoaders$AppClassLoader.loadClass(Ljava/lang/String;Z)Ljava/lang/Class; java.base@18.0.1.1 (40 bytes) @ 0x000001e132d37bc4 [0x000001e132d379e0+0x00000000000001e4]
J 658 c1 java.lang.ClassLoader.loadClass(Ljava/lang/String;)Ljava/lang/Class; java.base@18.0.1.1 (7 bytes) @ 0x000001e132cf094c [0x000001e132cf0840+0x000000000000010c]
v  ~StubRoutines::call_stub
J 793  java.lang.ClassLoader.defineClass1(Ljava/lang/ClassLoader;Ljava/lang/String;[BIILjava/security/ProtectionDomain;Ljava/lang/String;)Ljava/lang/Class; java.base@18.0.1.1 (0 bytes) @ 0x000001e13a1625e3 [0x000001e13a162520+0x00000000000000c3]
J 1063 c1 java.lang.ClassLoader.defineClass(Ljava/lang/String;[BIILjava/security/ProtectionDomain;)Ljava/lang/Class; java.base@18.0.1.1 (43 bytes) @ 0x000001e132dc9154 [0x000001e132dc8e00+0x0000000000000354]
J 965 c1 java.security.SecureClassLoader.defineClass(Ljava/lang/String;[BIILjava/security/CodeSource;)Ljava/lang/Class; java.base@18.0.1.1 (16 bytes) @ 0x000001e132d9950c [0x000001e132d99440+0x00000000000000cc]
J 894 c1 jdk.internal.loader.BuiltinClassLoader.defineClass(Ljava/lang/String;Ljdk/internal/loader/Resource;)Ljava/lang/Class; java.base@18.0.1.1 (121 bytes) @ 0x000001e132d7ee64 [0x000001e132d7df00+0x0000000000000f64]
J 754 c1 jdk.internal.loader.BuiltinClassLoader.findClassOnClassPathOrNull(Ljava/lang/String;)Ljava/lang/Class; java.base@18.0.1.1 (64 bytes) @ 0x000001e132d315b4 [0x000001e132d308e0+0x0000000000000cd4]
J 480 c1 jdk.internal.loader.BuiltinClassLoader.loadClassOrNull(Ljava/lang/String;Z)Ljava/lang/Class; java.base@18.0.1.1 (143 bytes) @ 0x000001e132c91e34 [0x000001e132c913c0+0x0000000000000a74]
J 761 c1 jdk.internal.loader.ClassLoaders$AppClassLoader.loadClass(Ljava/lang/String;Z)Ljava/lang/Class; java.base@18.0.1.1 (40 bytes) @ 0x000001e132d37bc4 [0x000001e132d379e0+0x00000000000001e4]
J 658 c1 java.lang.ClassLoader.loadClass(Ljava/lang/String;)Ljava/lang/Class; java.base@18.0.1.1 (7 bytes) @ 0x000001e132cf094c [0x000001e132cf0840+0x000000000000010c]
v  ~StubRoutines::call_stub
J 793  java.lang.ClassLoader.defineClass1(Ljava/lang/ClassLoader;Ljava/lang/String;[BIILjava/security/ProtectionDomain;Ljava/lang/String;)Ljava/lang/Class; java.base@18.0.1.1 (0 bytes) @ 0x000001e13a1625e3 [0x000001e13a162520+0x00000000000000c3]
J 1063 c1 java.lang.ClassLoader.defineClass(Ljava/lang/String;[BIILjava/security/ProtectionDomain;)Ljava/lang/Class; java.base@18.0.1.1 (43 bytes) @ 0x000001e132dc9154 [0x000001e132dc8e00+0x0000000000000354]
J 965 c1 java.security.SecureClassLoader.defineClass(Ljava/lang/String;[BIILjava/security/CodeSource;)Ljava/lang/Class; java.base@18.0.1.1 (16 bytes) @ 0x000001e132d9950c [0x000001e132d99440+0x00000000000000cc]
J 894 c1 jdk.internal.loader.BuiltinClassLoader.defineClass(Ljava/lang/String;Ljdk/internal/loader/Resource;)Ljava/lang/Class; java.base@18.0.1.1 (121 bytes) @ 0x000001e132d7ee64 [0x000001e132d7df00+0x0000000000000f64]
J 754 c1 jdk.internal.loader.BuiltinClassLoader.findClassOnClassPathOrNull(Ljava/lang/String;)Ljava/lang/Class; java.base@18.0.1.1 (64 bytes) @ 0x000001e132d315b4 [0x000001e132d308e0+0x0000000000000cd4]
J 480 c1 jdk.internal.loader.BuiltinClassLoader.loadClassOrNull(Ljava/lang/String;Z)Ljava/lang/Class; java.base@18.0.1.1 (143 bytes) @ 0x000001e132c91e34 [0x000001e132c913c0+0x0000000000000a74]
J 761 c1 jdk.internal.loader.ClassLoaders$AppClassLoader.loadClass(Ljava/lang/String;Z)Ljava/lang/Class; java.base@18.0.1.1 (40 bytes) @ 0x000001e132d37bc4 [0x000001e132d379e0+0x00000000000001e4]
J 658 c1 java.lang.ClassLoader.loadClass(Ljava/lang/String;)Ljava/lang/Class; java.base@18.0.1.1 (7 bytes) @ 0x000001e132cf094c [0x000001e132cf0840+0x000000000000010c]
v  ~StubRoutines::call_stub
J 793  java.lang.ClassLoader.defineClass1(Ljava/lang/ClassLoader;Ljava/lang/String;[BIILjava/security/ProtectionDomain;Ljava/lang/String;)Ljava/lang/Class; java.base@18.0.1.1 (0 bytes) @ 0x000001e13a1625e3 [0x000001e13a162520+0x00000000000000c3]
J 1063 c1 java.lang.ClassLoader.defineClass(Ljava/lang/String;[BIILjava/security/ProtectionDomain;)Ljava/lang/Class; java.base@18.0.1.1 (43 bytes) @ 0x000001e132dc9154 [0x000001e132dc8e00+0x0000000000000354]
J 965 c1 java.security.SecureClassLoader.defineClass(Ljava/lang/String;[BIILjava/security/CodeSource;)Ljava/lang/Class; java.base@18.0.1.1 (16 bytes) @ 0x000001e132d9950c [0x000001e132d99440+0x00000000000000cc]
J 894 c1 jdk.internal.loader.BuiltinClassLoader.defineClass(Ljava/lang/String;Ljdk/internal/loader/Resource;)Ljava/lang/Class; java.base@18.0.1.1 (121 bytes) @ 0x000001e132d7ee64 [0x000001e132d7df00+0x0000000000000f64]
J 754 c1 jdk.internal.loader.BuiltinClassLoader.findClassOnClassPathOrNull(Ljava/lang/String;)Ljava/lang/Class; java.base@18.0.1.1 (64 bytes) @ 0x000001e132d315b4 [0x000001e132d308e0+0x0000000000000cd4]
J 480 c1 jdk.internal.loader.BuiltinClassLoader.loadClassOrNull(Ljava/lang/String;Z)Ljava/lang/Class; java.base@18.0.1.1 (143 bytes) @ 0x000001e132c91e34 [0x000001e132c913c0+0x0000000000000a74]
J 761 c1 jdk.internal.loader.ClassLoaders$AppClassLoader.loadClass(Ljava/lang/String;Z)Ljava/lang/Class; java.base@18.0.1.1 (40 bytes) @ 0x000001e132d37bc4 [0x000001e132d379e0+0x00000000000001e4]
J 658 c1 java.lang.ClassLoader.loadClass(Ljava/lang/String;)Ljava/lang/Class; java.base@18.0.1.1 (7 bytes) @ 0x000001e132cf094c [0x000001e132cf0840+0x000000000000010c]
v  ~StubRoutines::call_stub
j  org.springframework.context.support.GenericApplicationContext.<init>()V+21
j  org.springframework.web.context.support.GenericWebApplicationContext.<init>()V+1
j  org.springframework.boot.web.servlet.context.ServletWebServerApplicationContext.<init>()V+1
j  org.springframework.boot.web.servlet.context.AnnotationConfigServletWebServerApplicationContext.<init>()V+1
j  org.springframework.boot.web.servlet.context.ServletWebServerApplicationContextFactory.createContext()Lorg/springframework/context/ConfigurableApplicationContext;+10
j  org.springframework.boot.web.servlet.context.ServletWebServerApplicationContextFactory.create(Lorg/springframework/boot/WebApplicationType;)Lorg/springframework/context/ConfigurableApplicationContext;+12
j  org.springframework.boot.DefaultApplicationContextFactory$$Lambda$187+0x0000000800d2d000.apply(Ljava/lang/Object;Ljava/lang/Object;)Ljava/lang/Object;+8
j  org.springframework.boot.DefaultApplicationContextFactory.getFromSpringFactories(Lorg/springframework/boot/WebApplicationType;Ljava/util/function/BiFunction;Ljava/util/function/Supplier;)Ljava/lang/Object;+45
j  org.springframework.boot.DefaultApplicationContextFactory.create(Lorg/springframework/boot/WebApplicationType;)Lorg/springframework/context/ConfigurableApplicationContext;+13
j  org.springframework.boot.SpringApplication.createApplicationContext()Lorg/springframework/context/ConfigurableApplicationContext;+8
j  org.springframework.boot.SpringApplication.run([Ljava/lang/String;)Lorg/springframework/context/ConfigurableApplicationContext;+66
j  org.springframework.boot.SpringApplication.run([Ljava/lang/Class;[Ljava/lang/String;)Lorg/springframework/context/ConfigurableApplicationContext;+9
j  org.springframework.boot.SpringApplication.run(Ljava/lang/Class;[Ljava/lang/String;)Lorg/springframework/context/ConfigurableApplicationContext;+9
j  br.com.tayluan.consumer.ConsumerApplication.main([Ljava/lang/String;)V+3
v  ~StubRoutines::call_stub

---------------  P R O C E S S  ---------------

Threads class SMR info:
_java_thread_list=0x000001e14acfabe0, length=14, elements={
0x000001e12ad29610, 0x000001e12adc6880, 0x000001e12adc7220, 0x000001e12addea60,
0x000001e145f143c0, 0x000001e145f14d60, 0x000001e145f15700, 0x000001e145f163d0,
0x000001e145f18dc0, 0x000001e145f1b600, 0x000001e145f0c1a0, 0x000001e14a516820,
0x000001e14a26f5d0, 0x000001e14ad074f0
}

Java Threads: ( => current thread )
=>0x000001e12ad29610 JavaThread "main" [_thread_in_vm, id=43920, stack(0x000000cd85400000,0x000000cd85500000)]
  0x000001e12adc6880 JavaThread "Reference Handler" daemon [_thread_blocked, id=35084, stack(0x000000cd85b00000,0x000000cd85c00000)]
  0x000001e12adc7220 JavaThread "Finalizer" daemon [_thread_blocked, id=42092, stack(0x000000cd85c00000,0x000000cd85d00000)]
  0x000001e12addea60 JavaThread "Signal Dispatcher" daemon [_thread_blocked, id=44492, stack(0x000000cd85d00000,0x000000cd85e00000)]
  0x000001e145f143c0 JavaThread "Attach Listener" daemon [_thread_blocked, id=43700, stack(0x000000cd85e00000,0x000000cd85f00000)]
  0x000001e145f14d60 JavaThread "Service Thread" daemon [_thread_blocked, id=39584, stack(0x000000cd85f00000,0x000000cd86000000)]
  0x000001e145f15700 JavaThread "Monitor Deflation Thread" daemon [_thread_blocked, id=43552, stack(0x000000cd86000000,0x000000cd86100000)]
  0x000001e145f163d0 JavaThread "C2 CompilerThread0" daemon [_thread_in_native, id=23360, stack(0x000000cd86100000,0x000000cd86200000)]
  0x000001e145f18dc0 JavaThread "C1 CompilerThread0" daemon [_thread_blocked, id=40756, stack(0x000000cd86200000,0x000000cd86300000)]
  0x000001e145f1b600 JavaThread "Sweeper thread" daemon [_thread_blocked, id=40484, stack(0x000000cd86300000,0x000000cd86400000)]
  0x000001e145f0c1a0 JavaThread "Common-Cleaner" daemon [_thread_blocked, id=43772, stack(0x000000cd86400000,0x000000cd86500000)]
  0x000001e14a516820 JavaThread "Monitor Ctrl-Break" daemon [_thread_in_native, id=32520, stack(0x000000cd86500000,0x000000cd86600000)]
  0x000001e14a26f5d0 JavaThread "Notification Thread" daemon [_thread_blocked, id=43828, stack(0x000000cd86600000,0x000000cd86700000)]
  0x000001e14ad074f0 JavaThread "background-preinit" [_thread_in_vm, id=2152, stack(0x000000cd86b00000,0x000000cd86c00000)]

Other Threads:
  0x000001e12adc3ac0 VMThread "VM Thread" [stack: 0x000000cd85a00000,0x000000cd85b00000] [id=14660]
  0x000001e14a516ce0 WatcherThread "VM Periodic Task Thread" [stack: 0x000000cd86700000,0x000000cd86800000] [id=30200]
  0x000001e12ad69440 WorkerThread "GC Thread#0" [stack: 0x000000cd85500000,0x000000cd85600000] [id=41248]
  0x000001e14ac19fb0 WorkerThread "GC Thread#1" [stack: 0x000000cd86800000,0x000000cd86900000] [id=44476]
  0x000001e14a3f27f0 WorkerThread "GC Thread#2" [stack: 0x000000cd86900000,0x000000cd86a00000] [id=19304]
  0x000001e14a6e4bc0 WorkerThread "GC Thread#3" [stack: 0x000000cd86a00000,0x000000cd86b00000] [id=29912]
  0x000001e12ad71df0 ConcurrentGCThread "G1 Main Marker" [stack: 0x000000cd85600000,0x000000cd85700000] [id=42804]
  0x000001e12ad73950 WorkerThread "G1 Conc#0" [stack: 0x000000cd85700000,0x000000cd85800000] [id=37852]
  0x000001e12ad9a720 ConcurrentGCThread "G1 Refine#0" [stack: 0x000000cd85800000,0x000000cd85900000] [id=38860]
  0x000001e12ad9b030 ConcurrentGCThread "G1 Service" [stack: 0x000000cd85900000,0x000000cd85a00000] [id=30792]

Threads with active compile tasks:
C2 CompilerThread0     2024 1463       4       jdk.internal.loader.URLClassPath::getResource (74 bytes)

VM state: not at safepoint (normal execution)

VM Mutex/Monitor currently owned by a thread:  ([mutex/lock_event])
[0x000001e12ad22a60] Metaspace_lock - owner thread: 0x000001e12ad29610

Heap address: 0x00000000c2c00000, size: 980 MB, Compressed Oops mode: 32-bit

CDS archive(s) mapped at: [0x0000000800000000-0x0000000800ba0000-0x0000000800ba0000), size 12189696, SharedBaseAddress: 0x0000000800000000, ArchiveRelocationMode: 0.
Compressed class space mapped at: 0x0000000800c00000-0x0000000840c00000, reserved size: 1073741824
Narrow klass base: 0x0000000800000000, Narrow klass shift: 0, Narrow klass range: 0x100000000

GC Precious Log:
 CardTable entry size: 512
 Card Set container configuration: InlinePtr #cards 5 size 8 Array Of Cards #cards 12 size 40 Howl #buckets 4 coarsen threshold 1843 Howl Bitmap #cards 512 size 80 coarsen threshold 460 Card regions per heap region 1 cards per card region 2048
 CPUs: 4 total, 4 available
 Memory: 3918M
 Large Page Support: Disabled
 NUMA Support: Disabled
 Compressed Oops: Enabled (32-bit)
 Heap Region Size: 1M
 Heap Min Capacity: 8M
 Heap Initial Capacity: 62M
 Heap Max Capacity: 980M
 Pre-touch: Disabled
 Parallel Workers: 4
 Concurrent Workers: 1
 Concurrent Refinement Workers: 4
 Periodic GC: Disabled

Heap:
 garbage-first heap   total 63488K, used 14905K [0x00000000c2c00000, 0x0000000100000000)
  region size 1024K, 9 young (9216K), 1 survivors (1024K)
 Metaspace       used 8739K, committed 8896K, reserved 1114112K
  class space    used 1062K, committed 1152K, reserved 1048576K

Heap Regions: E=young(eden), S=young(survivor), O=old, HS=humongous(starts), HC=humongous(continues), CS=collection set, F=free, OA=open archive, CA=closed archive, TAMS=top-at-mark-start (previous, next)
|   0|0x00000000c2c00000, 0x00000000c2d00000, 0x00000000c2d00000|100%|HS|  |TAMS 0x00000000c2c00000, 0x00000000c2c00000| Complete 
|   1|0x00000000c2d00000, 0x00000000c2e00000, 0x00000000c2e00000|100%| O|  |TAMS 0x00000000c2d00000, 0x00000000c2d00000| Untracked 
|   2|0x00000000c2e00000, 0x00000000c2f00000, 0x00000000c2f00000|100%| O|  |TAMS 0x00000000c2e00000, 0x00000000c2e00000| Untracked 
|   3|0x00000000c2f00000, 0x00000000c3000000, 0x00000000c3000000|100%| O|  |TAMS 0x00000000c2f00000, 0x00000000c2f00000| Untracked 
|   4|0x00000000c3000000, 0x00000000c3100000, 0x00000000c3100000|100%| O|  |TAMS 0x00000000c3000000, 0x00000000c3000000| Untracked 
|   5|0x00000000c3100000, 0x00000000c3200000, 0x00000000c3200000|100%| O|  |TAMS 0x00000000c3100000, 0x00000000c3100000| Untracked 
|   6|0x00000000c3200000, 0x00000000c329c200, 0x00000000c3300000| 60%| O|  |TAMS 0x00000000c3200000, 0x00000000c3200000| Untracked 
|   7|0x00000000c3300000, 0x00000000c3300000, 0x00000000c3400000|  0%| F|  |TAMS 0x00000000c3300000, 0x00000000c3300000| Untracked 
|   8|0x00000000c3400000, 0x00000000c3400000, 0x00000000c3500000|  0%| F|  |TAMS 0x00000000c3400000, 0x00000000c3400000| Untracked 
|   9|0x00000000c3500000, 0x00000000c3500000, 0x00000000c3600000|  0%| F|  |TAMS 0x00000000c3500000, 0x00000000c3500000| Untracked 
|  10|0x00000000c3600000, 0x00000000c3600000, 0x00000000c3700000|  0%| F|  |TAMS 0x00000000c3600000, 0x00000000c3600000| Untracked 
|  11|0x00000000c3700000, 0x00000000c3700000, 0x00000000c3800000|  0%| F|  |TAMS 0x00000000c3700000, 0x00000000c3700000| Untracked 
|  12|0x00000000c3800000, 0x00000000c3800000, 0x00000000c3900000|  0%| F|  |TAMS 0x00000000c3800000, 0x00000000c3800000| Untracked 
|  13|0x00000000c3900000, 0x00000000c3900000, 0x00000000c3a00000|  0%| F|  |TAMS 0x00000000c3900000, 0x00000000c3900000| Untracked 
|  14|0x00000000c3a00000, 0x00000000c3a00000, 0x00000000c3b00000|  0%| F|  |TAMS 0x00000000c3a00000, 0x00000000c3a00000| Untracked 
|  15|0x00000000c3b00000, 0x00000000c3b00000, 0x00000000c3c00000|  0%| F|  |TAMS 0x00000000c3b00000, 0x00000000c3b00000| Untracked 
|  16|0x00000000c3c00000, 0x00000000c3c00000, 0x00000000c3d00000|  0%| F|  |TAMS 0x00000000c3c00000, 0x00000000c3c00000| Untracked 
|  17|0x00000000c3d00000, 0x00000000c3d00000, 0x00000000c3e00000|  0%| F|  |TAMS 0x00000000c3d00000, 0x00000000c3d00000| Untracked 
|  18|0x00000000c3e00000, 0x00000000c3e00000, 0x00000000c3f00000|  0%| F|  |TAMS 0x00000000c3e00000, 0x00000000c3e00000| Untracked 
|  19|0x00000000c3f00000, 0x00000000c3f00000, 0x00000000c4000000|  0%| F|  |TAMS 0x00000000c3f00000, 0x00000000c3f00000| Untracked 
|  20|0x00000000c4000000, 0x00000000c4000000, 0x00000000c4100000|  0%| F|  |TAMS 0x00000000c4000000, 0x00000000c4000000| Untracked 
|  21|0x00000000c4100000, 0x00000000c4100000, 0x00000000c4200000|  0%| F|  |TAMS 0x00000000c4100000, 0x00000000c4100000| Untracked 
|  22|0x00000000c4200000, 0x00000000c4200000, 0x00000000c4300000|  0%| F|  |TAMS 0x00000000c4200000, 0x00000000c4200000| Untracked 
|  23|0x00000000c4300000, 0x00000000c4300000, 0x00000000c4400000|  0%| F|  |TAMS 0x00000000c4300000, 0x00000000c4300000| Untracked 
|  24|0x00000000c4400000, 0x00000000c4400000, 0x00000000c4500000|  0%| F|  |TAMS 0x00000000c4400000, 0x00000000c4400000| Untracked 
|  25|0x00000000c4500000, 0x00000000c4500000, 0x00000000c4600000|  0%| F|  |TAMS 0x00000000c4500000, 0x00000000c4500000| Untracked 
|  26|0x00000000c4600000, 0x00000000c4600000, 0x00000000c4700000|  0%| F|  |TAMS 0x00000000c4600000, 0x00000000c4600000| Untracked 
|  27|0x00000000c4700000, 0x00000000c4700000, 0x00000000c4800000|  0%| F|  |TAMS 0x00000000c4700000, 0x00000000c4700000| Untracked 
|  28|0x00000000c4800000, 0x00000000c4800000, 0x00000000c4900000|  0%| F|  |TAMS 0x00000000c4800000, 0x00000000c4800000| Untracked 
|  29|0x00000000c4900000, 0x00000000c4900000, 0x00000000c4a00000|  0%| F|  |TAMS 0x00000000c4900000, 0x00000000c4900000| Untracked 
|  30|0x00000000c4a00000, 0x00000000c4a00000, 0x00000000c4b00000|  0%| F|  |TAMS 0x00000000c4a00000, 0x00000000c4a00000| Untracked 
|  31|0x00000000c4b00000, 0x00000000c4b00000, 0x00000000c4c00000|  0%| F|  |TAMS 0x00000000c4b00000, 0x00000000c4b00000| Untracked 
|  32|0x00000000c4c00000, 0x00000000c4c00000, 0x00000000c4d00000|  0%| F|  |TAMS 0x00000000c4c00000, 0x00000000c4c00000| Untracked 
|  33|0x00000000c4d00000, 0x00000000c4d00000, 0x00000000c4e00000|  0%| F|  |TAMS 0x00000000c4d00000, 0x00000000c4d00000| Untracked 
|  34|0x00000000c4e00000, 0x00000000c4e00000, 0x00000000c4f00000|  0%| F|  |TAMS 0x00000000c4e00000, 0x00000000c4e00000| Untracked 
|  35|0x00000000c4f00000, 0x00000000c4f00000, 0x00000000c5000000|  0%| F|  |TAMS 0x00000000c4f00000, 0x00000000c4f00000| Untracked 
|  36|0x00000000c5000000, 0x00000000c5000000, 0x00000000c5100000|  0%| F|  |TAMS 0x00000000c5000000, 0x00000000c5000000| Untracked 
|  37|0x00000000c5100000, 0x00000000c5100000, 0x00000000c5200000|  0%| F|  |TAMS 0x00000000c5100000, 0x00000000c5100000| Untracked 
|  38|0x00000000c5200000, 0x00000000c5200000, 0x00000000c5300000|  0%| F|  |TAMS 0x00000000c5200000, 0x00000000c5200000| Untracked 
|  39|0x00000000c5300000, 0x00000000c5300000, 0x00000000c5400000|  0%| F|  |TAMS 0x00000000c5300000, 0x00000000c5300000| Untracked 
|  40|0x00000000c5400000, 0x00000000c5400000, 0x00000000c5500000|  0%| F|  |TAMS 0x00000000c5400000, 0x00000000c5400000| Untracked 
|  41|0x00000000c5500000, 0x00000000c5500000, 0x00000000c5600000|  0%| F|  |TAMS 0x00000000c5500000, 0x00000000c5500000| Untracked 
|  42|0x00000000c5600000, 0x00000000c5600000, 0x00000000c5700000|  0%| F|  |TAMS 0x00000000c5600000, 0x00000000c5600000| Untracked 
|  43|0x00000000c5700000, 0x00000000c5700000, 0x00000000c5800000|  0%| F|  |TAMS 0x00000000c5700000, 0x00000000c5700000| Untracked 
|  44|0x00000000c5800000, 0x00000000c5800000, 0x00000000c5900000|  0%| F|  |TAMS 0x00000000c5800000, 0x00000000c5800000| Untracked 
|  45|0x00000000c5900000, 0x00000000c5900000, 0x00000000c5a00000|  0%| F|  |TAMS 0x00000000c5900000, 0x00000000c5900000| Untracked 
|  46|0x00000000c5a00000, 0x00000000c5a00000, 0x00000000c5b00000|  0%| F|  |TAMS 0x00000000c5a00000, 0x00000000c5a00000| Untracked 
|  47|0x00000000c5b00000, 0x00000000c5b00000, 0x00000000c5c00000|  0%| F|  |TAMS 0x00000000c5b00000, 0x00000000c5b00000| Untracked 
|  48|0x00000000c5c00000, 0x00000000c5c00000, 0x00000000c5d00000|  0%| F|  |TAMS 0x00000000c5c00000, 0x00000000c5c00000| Untracked 
|  49|0x00000000c5d00000, 0x00000000c5d00000, 0x00000000c5e00000|  0%| F|  |TAMS 0x00000000c5d00000, 0x00000000c5d00000| Untracked 
|  50|0x00000000c5e00000, 0x00000000c5e00000, 0x00000000c5f00000|  0%| F|  |TAMS 0x00000000c5e00000, 0x00000000c5e00000| Untracked 
|  51|0x00000000c5f00000, 0x00000000c5ff2408, 0x00000000c6000000| 94%| S|CS|TAMS 0x00000000c5f00000, 0x00000000c5f00000| Complete 
|  52|0x00000000c6000000, 0x00000000c6000000, 0x00000000c6100000|  0%| F|  |TAMS 0x00000000c6000000, 0x00000000c6000000| Untracked 
|  53|0x00000000c6100000, 0x00000000c6100000, 0x00000000c6200000|  0%| F|  |TAMS 0x00000000c6100000, 0x00000000c6100000| Untracked 
|  54|0x00000000c6200000, 0x00000000c62e1b58, 0x00000000c6300000| 88%| E|  |TAMS 0x00000000c6200000, 0x00000000c6200000| Complete 
|  55|0x00000000c6300000, 0x00000000c6400000, 0x00000000c6400000|100%| E|CS|TAMS 0x00000000c6300000, 0x00000000c6300000| Complete 
|  56|0x00000000c6400000, 0x00000000c6500000, 0x00000000c6500000|100%| E|CS|TAMS 0x00000000c6400000, 0x00000000c6400000| Complete 
|  57|0x00000000c6500000, 0x00000000c6600000, 0x00000000c6600000|100%| E|CS|TAMS 0x00000000c6500000, 0x00000000c6500000| Complete 
|  58|0x00000000c6600000, 0x00000000c6700000, 0x00000000c6700000|100%| E|CS|TAMS 0x00000000c6600000, 0x00000000c6600000| Complete 
|  59|0x00000000c6700000, 0x00000000c6800000, 0x00000000c6800000|100%| E|CS|TAMS 0x00000000c6700000, 0x00000000c6700000| Complete 
|  60|0x00000000c6800000, 0x00000000c6900000, 0x00000000c6900000|100%| E|CS|TAMS 0x00000000c6800000, 0x00000000c6800000| Complete 
|  61|0x00000000c6900000, 0x00000000c6a00000, 0x00000000c6a00000|100%| E|CS|TAMS 0x00000000c6900000, 0x00000000c6900000| Complete 

Card table byte_map: [0x000001e141840000,0x000001e141a30000] _byte_map_base: 0x000001e14122a000

Marking Bits (Prev, Next): (CMBitMap*) 0x000001e12ad69a40, (CMBitMap*) 0x000001e12ad69a80
 Prev Bits: [0x000001e141c20000, 0x000001e142b70000)
 Next Bits: [0x000001e142b70000, 0x000001e143ac0000)

Polling page: 0x000001e12a4e0000

Metaspace:

Usage:
  Non-class:      7.50 MB used.
      Class:      1.04 MB used.
       Both:      8.53 MB used.

Virtual space:
  Non-class space:       64.00 MB reserved,       7.56 MB ( 12%) committed,  1 nodes.
      Class space:        1.00 GB reserved,       1.12 MB ( <1%) committed,  1 nodes.
             Both:        1.06 GB reserved,       8.69 MB ( <1%) committed. 

Chunk freelists:
   Non-Class:  3.48 MB
       Class:  2.70 MB
        Both:  6.19 MB

MaxMetaspaceSize: unlimited
CompressedClassSpaceSize: 1.00 GB
Initial GC threshold: 21.00 MB
Current GC threshold: 21.00 MB
CDS: on
MetaspaceReclaimPolicy: balanced
 - commit_granule_bytes: 65536.
 - commit_granule_words: 8192.
 - virtual_space_node_default_size: 8388608.
 - enlarge_chunks_in_place: 1.
 - new_chunks_are_fully_committed: 0.
 - uncommit_free_chunks: 1.
 - use_allocation_guard: 0.


Internal statistics:

num_allocs_failed_limit: 0.
num_arena_births: 180.
num_arena_deaths: 0.
num_vsnodes_births: 2.
num_vsnodes_deaths: 0.
num_space_committed: 139.
num_space_uncommitted: 0.
num_chunks_returned_to_freelist: 0.
num_chunks_taken_from_freelist: 465.
num_chunk_merges: 0.
num_chunk_splits: 290.
num_chunks_enlarged: 208.
num_inconsistent_stats: 0.

CodeHeap 'non-profiled nmethods': size=120000Kb used=459Kb max_used=459Kb free=119540Kb
 bounds [0x000001e13a120000, 0x000001e13a390000, 0x000001e141650000]
CodeHeap 'profiled nmethods': size=120000Kb used=2573Kb max_used=2573Kb free=117426Kb
 bounds [0x000001e132bf0000, 0x000001e132e80000, 0x000001e13a120000]
CodeHeap 'non-nmethods': size=5760Kb used=1168Kb max_used=1187Kb free=4591Kb
 bounds [0x000001e132650000, 0x000001e1328c0000, 0x000001e132bf0000]
 total_blobs=1905 nmethods=1461 adapters=356
 compilation: enabled
              stopped_count=0, restarted_count=0
 full_count=0

Compilation events (20 events):
Event: 1.937 Thread 0x000001e145f18dc0 nmethod 1450 0x000001e132e6f110 code [0x000001e132e6f2c0, 0x000001e132e6f658]
Event: 1.937 Thread 0x000001e145f18dc0 1452       3       java.lang.module.ModuleDescriptor$Exports::equals (60 bytes)
Event: 1.937 Thread 0x000001e145f163d0 1456       4       java.util.Set::of (4 bytes)
Event: 1.937 Thread 0x000001e145f18dc0 nmethod 1452 0x000001e132e6f790 code [0x000001e132e6f9a0, 0x000001e132e70328]
Event: 1.937 Thread 0x000001e145f18dc0 1455       3       java.util.ImmutableCollections$SetN::<init> (90 bytes)
Event: 1.937 Thread 0x000001e145f163d0 nmethod 1456 0x000001e13a192390 code [0x000001e13a192500, 0x000001e13a192558]
Event: 1.938 Thread 0x000001e145f18dc0 nmethod 1455 0x000001e132e70510 code [0x000001e132e707c0, 0x000001e132e71598]
Event: 1.938 Thread 0x000001e145f18dc0 1457       3       java.net.URI::toLower (19 bytes)
Event: 1.938 Thread 0x000001e145f18dc0 nmethod 1457 0x000001e132e71a10 code [0x000001e132e71ba0, 0x000001e132e71d38]
Event: 1.938 Thread 0x000001e145f18dc0 1453       3       jdk.internal.module.Builder::newExports (12 bytes)
Event: 1.938 Thread 0x000001e145f18dc0 nmethod 1453 0x000001e132e71e10 code [0x000001e132e71fc0, 0x000001e132e72108]
Event: 1.938 Thread 0x000001e145f18dc0 1454       3       java.lang.module.ModuleDescriptor$1::newExports (12 bytes)
Event: 1.938 Thread 0x000001e145f18dc0 nmethod 1454 0x000001e132e72190 code [0x000001e132e72340, 0x000001e132e72678]
Event: 1.939 Thread 0x000001e145f18dc0 1459       3       jdk.internal.misc.Unsafe::storeFence (5 bytes)
Event: 1.939 Thread 0x000001e145f18dc0 nmethod 1459 0x000001e132e72790 code [0x000001e132e72920, 0x000001e132e72a38]
Event: 1.940 Thread 0x000001e145f18dc0 1460       3       java.util.jar.JavaUtilJarAccessImpl::getTrustedAttributes (6 bytes)
Event: 1.940 Thread 0x000001e145f18dc0 nmethod 1460 0x000001e132e72b10 code [0x000001e132e72cc0, 0x000001e132e72e08]
Event: 1.941 Thread 0x000001e145f18dc0 1461       3       java.lang.String::codePointAt (50 bytes)
Event: 1.942 Thread 0x000001e145f18dc0 nmethod 1461 0x000001e132e72f10 code [0x000001e132e73100, 0x000001e132e73568]
Event: 1.947 Thread 0x000001e145f163d0 1463       4       jdk.internal.loader.URLClassPath::getResource (74 bytes)

GC Heap History (4 events):
Event: 1.244 GC heap before
{Heap before GC invocations=0 (full 0):
 garbage-first heap   total 63488K, used 13312K [0x00000000c2c00000, 0x0000000100000000)
  region size 1024K, 13 young (13312K), 0 survivors (0K)
 Metaspace       used 3682K, committed 3840K, reserved 1114112K
  class space    used 378K, committed 448K, reserved 1048576K
}
Event: 1.253 GC heap after
{Heap after GC invocations=1 (full 0):
 garbage-first heap   total 63488K, used 6828K [0x00000000c2c00000, 0x0000000100000000)
  region size 1024K, 2 young (2048K), 2 survivors (2048K)
 Metaspace       used 3682K, committed 3840K, reserved 1114112K
  class space    used 378K, committed 448K, reserved 1048576K
}
Event: 1.713 GC heap before
{Heap before GC invocations=1 (full 0):
 garbage-first heap   total 63488K, used 16044K [0x00000000c2c00000, 0x0000000100000000)
  region size 1024K, 12 young (12288K), 2 survivors (2048K)
 Metaspace       used 6661K, committed 6848K, reserved 1114112K
  class space    used 785K, committed 896K, reserved 1048576K
}
Event: 1.719 GC heap after
{Heap after GC invocations=2 (full 0):
 garbage-first heap   total 63488K, used 7737K [0x00000000c2c00000, 0x0000000100000000)
  region size 1024K, 1 young (1024K), 1 survivors (1024K)
 Metaspace       used 6661K, committed 6848K, reserved 1114112K
  class space    used 785K, committed 896K, reserved 1048576K
}

Deoptimization events (20 events):
Event: 1.689 Thread 0x000001e12ad29610 Uncommon trap: trap_request=0xffffffde fr.pc=0x000001e13a1733f4 relative=0x0000000000000a54
Event: 1.689 Thread 0x000001e12ad29610 Uncommon trap: reason=class_check action=maybe_recompile pc=0x000001e13a1733f4 method=java.util.HashMap.putVal(ILjava/lang/Object;Ljava/lang/Object;ZZ)Ljava/lang/Object; @ 91 c2
Event: 1.689 Thread 0x000001e12ad29610 DEOPT PACKING pc=0x000001e13a1733f4 sp=0x000000cd854fdfc0
Event: 1.689 Thread 0x000001e12ad29610 DEOPT UNPACKING pc=0x000001e1326a23a3 sp=0x000000cd854fdee0 mode 2
Event: 1.689 Thread 0x000001e12ad29610 Uncommon trap: trap_request=0xffffffde fr.pc=0x000001e13a1733f4 relative=0x0000000000000a54
Event: 1.689 Thread 0x000001e12ad29610 Uncommon trap: reason=class_check action=maybe_recompile pc=0x000001e13a1733f4 method=java.util.HashMap.putVal(ILjava/lang/Object;Ljava/lang/Object;ZZ)Ljava/lang/Object; @ 91 c2
Event: 1.689 Thread 0x000001e12ad29610 DEOPT PACKING pc=0x000001e13a1733f4 sp=0x000000cd854fdfc0
Event: 1.689 Thread 0x000001e12ad29610 DEOPT UNPACKING pc=0x000001e1326a23a3 sp=0x000000cd854fdee0 mode 2
Event: 1.720 Thread 0x000001e12ad29610 Uncommon trap: trap_request=0xffffff45 fr.pc=0x000001e13a14ed18 relative=0x00000000000001f8
Event: 1.720 Thread 0x000001e12ad29610 Uncommon trap: reason=unstable_if action=reinterpret pc=0x000001e13a14ed18 method=java.lang.String.startsWith(Ljava/lang/String;I)Z @ 1 c2
Event: 1.720 Thread 0x000001e12ad29610 DEOPT PACKING pc=0x000001e13a14ed18 sp=0x000000cd854fe0c0
Event: 1.720 Thread 0x000001e12ad29610 DEOPT UNPACKING pc=0x000001e1326a23a3 sp=0x000000cd854fe028 mode 2
Event: 1.789 Thread 0x000001e12ad29610 Uncommon trap: trap_request=0xffffffde fr.pc=0x000001e13a1733f4 relative=0x0000000000000a54
Event: 1.789 Thread 0x000001e12ad29610 Uncommon trap: reason=class_check action=maybe_recompile pc=0x000001e13a1733f4 method=java.util.HashMap.putVal(ILjava/lang/Object;Ljava/lang/Object;ZZ)Ljava/lang/Object; @ 91 c2
Event: 1.789 Thread 0x000001e12ad29610 DEOPT PACKING pc=0x000001e13a1733f4 sp=0x000000cd854fdfc0
Event: 1.789 Thread 0x000001e12ad29610 DEOPT UNPACKING pc=0x000001e1326a23a3 sp=0x000000cd854fdee0 mode 2
Event: 1.912 Thread 0x000001e14ad074f0 Uncommon trap: trap_request=0xffffffde fr.pc=0x000001e13a17e824 relative=0x00000000000002e4
Event: 1.912 Thread 0x000001e14ad074f0 Uncommon trap: reason=class_check action=maybe_recompile pc=0x000001e13a17e824 method=java.util.HashMap.getNode(Ljava/lang/Object;)Ljava/util/HashMap$Node; @ 128 c2
Event: 1.913 Thread 0x000001e14ad074f0 DEOPT PACKING pc=0x000001e13a17e824 sp=0x000000cd86bfe360
Event: 1.913 Thread 0x000001e14ad074f0 DEOPT UNPACKING pc=0x000001e1326a23a3 sp=0x000000cd86bfe2c8 mode 2

Classes loaded (20 events):
Event: 1.909 Loading class java/io/Console
Event: 1.910 Loading class java/io/Console done
Event: 1.910 Loading class java/io/Console$2
Event: 1.910 Loading class jdk/internal/access/JavaIOAccess
Event: 1.910 Loading class jdk/internal/access/JavaIOAccess done
Event: 1.910 Loading class java/io/Console$2 done
Event: 1.924 Loading class java/lang/AssertionError
Event: 1.925 Loading class java/lang/AssertionError done
Event: 1.928 Loading class java/lang/InstantiationException
Event: 1.928 Loading class java/lang/InstantiationException done
Event: 1.933 Loading class java/util/zip/ZipException
Event: 1.934 Loading class java/util/zip/ZipException done
Event: 1.934 Loading class java/nio/file/FileSystemNotFoundException
Event: 1.935 Loading class java/nio/file/FileSystemNotFoundException done
Event: 1.943 Loading class java/util/regex/PatternSyntaxException
Event: 1.943 Loading class java/util/regex/PatternSyntaxException done
Event: 1.944 Loading class javax/xml/stream/XMLStreamException
Event: 1.944 Loading class javax/xml/stream/XMLStreamException done
Event: 1.967 Loading class org/xml/sax/SAXException
Event: 1.967 Loading class org/xml/sax/SAXException done

Classes unloaded (0 events):
No events

Classes redefined (0 events):
No events

Internal exceptions (20 events):
Event: 1.647 Thread 0x000001e12ad29610 Exception <a 'java/lang/NoSuchMethodError'{0x00000000c6178fa8}: 'java.lang.Object java.lang.invoke.DirectMethodHandle$Holder.invokeSpecial(java.lang.Object, java.lang.Object, java.lang.Object, java.lang.Object, java.lang.Object, java.lang.Object, int)'> (0x00000000c6178fa8) 
thrown [s\open\src\hotspot\share\interpreter\linkResolver.cpp, line 766]
Event: 1.648 Thread 0x000001e12ad29610 Exception <a 'java/lang/NoSuchMethodError'{0x00000000c6183510}: 'java.lang.Object java.lang.invoke.DirectMethodHandle$Holder.newInvokeSpecial(java.lang.Object, java.lang.Object, java.lang.Object, java.lang.Object, java.lang.Object, java.lang.Object, int)'> (0x00000000c6183510) 
thrown [s\open\src\hotspot\share\interpreter\linkResolver.cpp, line 766]
Event: 1.649 Thread 0x000001e12ad29610 Exception <a 'java/lang/NoSuchMethodError'{0x00000000c6188560}: 'java.lang.Object java.lang.invoke.DirectMethodHandle$Holder.invokeSpecial(java.lang.Object, java.lang.Object, java.lang.Object, java.lang.Object, java.lang.Object, java.lang.Object, java.lang.Object, int)'> (0x00000000c6188560) 
thrown [s\open\src\hotspot\share\interpreter\linkResolver.cpp, line 766]
Event: 1.690 Thread 0x000001e12ad29610 Exception <a 'java/lang/NoSuchMethodError'{0x00000000c609a850}: 'int java.lang.invoke.DirectMethodHandle$Holder.invokeInterface(java.lang.Object, java.lang.Object)'> (0x00000000c609a850) 
thrown [s\open\src\hotspot\share\interpreter\linkResolver.cpp, line 766]
Event: 1.751 Thread 0x000001e12ad29610 Exception <a 'java/lang/NoSuchMethodError'{0x00000000c69d0188}: 'java.lang.Object java.lang.invoke.DirectMethodHandle$Holder.invokeSpecial(java.lang.Object, java.lang.Object, java.lang.Object, int, java.lang.Object)'> (0x00000000c69d0188) 
thrown [s\open\src\hotspot\share\interpreter\linkResolver.cpp, line 766]
Event: 1.752 Thread 0x000001e12ad29610 Exception <a 'java/lang/NoSuchMethodError'{0x00000000c69d87e8}: 'java.lang.Object java.lang.invoke.DirectMethodHandle$Holder.newInvokeSpecial(java.lang.Object, java.lang.Object, java.lang.Object, int, java.lang.Object)'> (0x00000000c69d87e8) 
thrown [s\open\src\hotspot\share\interpreter\linkResolver.cpp, line 766]
Event: 1.753 Thread 0x000001e12ad29610 Exception <a 'java/lang/NoSuchMethodError'{0x00000000c69e01c8}: 'java.lang.Object java.lang.invoke.Invokers$Holder.linkToTargetMethod(java.lang.Object, java.lang.Object, int, java.lang.Object, java.lang.Object)'> (0x00000000c69e01c8) 
thrown [s\open\src\hotspot\share\interpreter\linkResolver.cpp, line 766]
Event: 1.754 Thread 0x000001e12ad29610 Exception <a 'java/lang/NoSuchMethodError'{0x00000000c69eea68}: 'java.lang.Object java.lang.invoke.DirectMethodHandle$Holder.newInvokeSpecial(java.lang.Object, int, java.lang.Object)'> (0x00000000c69eea68) 
thrown [s\open\src\hotspot\share\interpreter\linkResolver.cpp, line 766]
Event: 1.755 Thread 0x000001e12ad29610 Exception <a 'java/lang/NoSuchMethodError'{0x00000000c69f3860}: 'int java.lang.invoke.DirectMethodHandle$Holder.invokeSpecialIFC(java.lang.Object, java.lang.Object, java.lang.Object, java.lang.Object)'> (0x00000000c69f3860) 
thrown [s\open\src\hotspot\share\interpreter\linkResolver.cpp, line 766]
Event: 1.783 Thread 0x000001e12ad29610 Exception <a 'java/lang/NoSuchMethodError'{0x00000000c68ad900}: 'void java.lang.invoke.DirectMethodHandle$Holder.invokeInterface(java.lang.Object, java.lang.Object, java.lang.Object)'> (0x00000000c68ad900) 
thrown [s\open\src\hotspot\share\interpreter\linkResolver.cpp, line 766]
Event: 1.808 Thread 0x000001e12ad29610 Exception <a 'java/lang/NoSuchMethodError'{0x00000000c6717608}: 'void java.lang.invoke.DirectMethodHandle$Holder.invokeStaticInit(java.lang.Object, java.lang.Object)'> (0x00000000c6717608) 
thrown [s\open\src\hotspot\share\interpreter\linkResolver.cpp, line 766]
Event: 1.811 Thread 0x000001e12ad29610 Exception <a 'java/lang/NoSuchMethodError'{0x00000000c6723638}: 'void java.lang.invoke.DirectMethodHandle$Holder.invokeStaticInit(java.lang.Object, java.lang.Object, java.lang.Object)'> (0x00000000c6723638) 
thrown [s\open\src\hotspot\share\interpreter\linkResolver.cpp, line 766]
Event: 1.820 Thread 0x000001e12ad29610 Exception <a 'java/lang/NoSuchMethodError'{0x00000000c675f8b8}: 'java.lang.Object java.lang.invoke.DirectMethodHandle$Holder.invokeStatic(java.lang.Object, java.lang.Object, long, java.lang.Object)'> (0x00000000c675f8b8) 
thrown [s\open\src\hotspot\share\interpreter\linkResolver.cpp, line 766]
Event: 1.821 Thread 0x000001e12ad29610 Exception <a 'java/lang/NoSuchMethodError'{0x00000000c6763348}: 'java.lang.Object java.lang.invoke.DirectMethodHandle$Holder.invokeStaticInit(java.lang.Object, java.lang.Object, long, java.lang.Object)'> (0x00000000c6763348) 
thrown [s\open\src\hotspot\share\interpreter\linkResolver.cpp, line 766]
Event: 1.821 Thread 0x000001e12ad29610 Exception <a 'java/lang/NoSuchMethodError'{0x00000000c6769a88}: 'java.lang.Object java.lang.invoke.DirectMethodHandle$Holder.newInvokeSpecial(java.lang.Object, java.lang.Object, long)'> (0x00000000c6769a88) 
thrown [s\open\src\hotspot\share\interpreter\linkResolver.cpp, line 766]
Event: 1.822 Thread 0x000001e12ad29610 Exception <a 'java/lang/NoSuchMethodError'{0x00000000c676d600}: 'java.lang.Object java.lang.invoke.Invokers$Holder.linkToTargetMethod(java.lang.Object, long, java.lang.Object)'> (0x00000000c676d600) 
thrown [s\open\src\hotspot\share\interpreter\linkResolver.cpp, line 766]
Event: 1.838 Thread 0x000001e12ad29610 Exception <a 'java/lang/NoSuchMethodError'{0x00000000c67aa2a0}: 'void java.lang.invoke.DirectMethodHandle$Holder.invokeVirtual(java.lang.Object, java.lang.Object, java.lang.Object, java.lang.Object)'> (0x00000000c67aa2a0) 
thrown [s\open\src\hotspot\share\interpreter\linkResolver.cpp, line 766]
Event: 1.888 Thread 0x000001e12ad29610 Exception <a 'java/lang/NoSuchMethodError'{0x00000000c66dd748}: 'void java.lang.invoke.DirectMethodHandle$Holder.invokeSpecial(java.lang.Object, java.lang.Object, java.lang.Object)'> (0x00000000c66dd748) 
thrown [s\open\src\hotspot\share\interpreter\linkResolver.cpp, line 766]
Event: 1.889 Thread 0x000001e12ad29610 Exception <a 'java/lang/NoSuchMethodError'{0x00000000c66e4048}: 'void java.lang.invoke.DirectMethodHandle$Holder.invokeSpecial(java.lang.Object, java.lang.Object, java.lang.Object, java.lang.Object, java.lang.Object)'> (0x00000000c66e4048) 
thrown [s\open\src\hotspot\share\interpreter\linkResolver.cpp, line 766]
Event: 1.900 Thread 0x000001e12ad29610 Exception <a 'java/lang/IncompatibleClassChangeError'{0x00000000c6514b10}: Found class java.lang.Object, but interface was expected> (0x00000000c6514b10) 
thrown [s\open\src\hotspot\share\interpreter\linkResolver.cpp, line 833]

VM Operations (20 events):
Event: 0.454 Executing VM operation: HandshakeAllThreads
Event: 0.454 Executing VM operation: HandshakeAllThreads done
Event: 0.730 Executing VM operation: HandshakeAllThreads
Event: 0.730 Executing VM operation: HandshakeAllThreads done
Event: 0.783 Executing VM operation: HandshakeAllThreads
Event: 0.783 Executing VM operation: HandshakeAllThreads done
Event: 0.800 Executing VM operation: HandshakeAllThreads
Event: 0.800 Executing VM operation: HandshakeAllThreads done
Event: 1.242 Executing VM operation: G1CollectForAllocation
Event: 1.253 Executing VM operation: G1CollectForAllocation done
Event: 1.434 Executing VM operation: HandshakeAllThreads
Event: 1.434 Executing VM operation: HandshakeAllThreads done
Event: 1.712 Executing VM operation: HandshakeAllThreads
Event: 1.712 Executing VM operation: HandshakeAllThreads done
Event: 1.713 Executing VM operation: G1CollectForAllocation
Event: 1.719 Executing VM operation: G1CollectForAllocation done
Event: 1.884 Executing VM operation: HandshakeAllThreads
Event: 1.884 Executing VM operation: HandshakeAllThreads done
Event: 1.885 Executing VM operation: HandshakeAllThreads
Event: 1.885 Executing VM operation: HandshakeAllThreads done

Events (20 events):
Event: 0.164 Thread 0x000001e12adc6880 Thread added: 0x000001e12adc6880
Event: 0.164 Thread 0x000001e12adc7220 Thread added: 0x000001e12adc7220
Event: 0.207 Thread 0x000001e12addea60 Thread added: 0x000001e12addea60
Event: 0.207 Thread 0x000001e145f143c0 Thread added: 0x000001e145f143c0
Event: 0.208 Thread 0x000001e145f14d60 Thread added: 0x000001e145f14d60
Event: 0.208 Thread 0x000001e145f15700 Thread added: 0x000001e145f15700
Event: 0.208 Thread 0x000001e145f163d0 Thread added: 0x000001e145f163d0
Event: 0.210 Thread 0x000001e145f18dc0 Thread added: 0x000001e145f18dc0
Event: 0.212 Thread 0x000001e145f1b600 Thread added: 0x000001e145f1b600
Event: 0.437 Thread 0x000001e145f0c1a0 Thread added: 0x000001e145f0c1a0
Event: 0.485 Loaded shared library C:\Program Files\Java\jdk-18.0.1.1\bin\zip.dll
Event: 0.492 Loaded shared library C:\Program Files\Java\jdk-18.0.1.1\bin\instrument.dll
Event: 0.517 Loaded shared library C:\Program Files\Java\jdk-18.0.1.1\bin\net.dll
Event: 0.524 Loaded shared library C:\Program Files\Java\jdk-18.0.1.1\bin\nio.dll
Event: 0.534 Loaded shared library C:\Program Files\Java\jdk-18.0.1.1\bin\zip.dll
Event: 0.719 Loaded shared library C:\Program Files\JetBrains\IntelliJ IDEA Community Edition 2022.1.1\bin\breakgen64.dll
Event: 0.721 Thread 0x000001e14a516820 Thread added: 0x000001e14a516820
Event: 0.721 Thread 0x000001e14a26f5d0 Thread added: 0x000001e14a26f5d0
Event: 0.791 Loaded shared library C:\Program Files\Java\jdk-18.0.1.1\bin\jimage.dll
Event: 1.894 Thread 0x000001e14ad074f0 Thread added: 0x000001e14ad074f0


Dynamic libraries:
0x00007ff756ba0000 - 0x00007ff756bb0000 	C:\Program Files\Java\jdk-18.0.1.1\bin\java.exe
0x00007ffdfa2f0000 - 0x00007ffdfa504000 	C:\WINDOWS\SYSTEM32\ntdll.dll
0x00007ffdf8da0000 - 0x00007ffdf8e63000 	C:\WINDOWS\System32\KERNEL32.DLL
0x00007ffdf7a60000 - 0x00007ffdf7dfc000 	C:\WINDOWS\System32\KERNELBASE.dll
0x00007ffdf7e80000 - 0x00007ffdf7f91000 	C:\WINDOWS\System32\ucrtbase.dll
0x00007ffdd7820000 - 0x00007ffdd783a000 	C:\Program Files\Java\jdk-18.0.1.1\bin\VCRUNTIME140.dll
0x00007ffde47a0000 - 0x00007ffde47b8000 	C:\Program Files\Java\jdk-18.0.1.1\bin\jli.dll
0x00007ffdf9390000 - 0x00007ffdf943e000 	C:\WINDOWS\System32\ADVAPI32.dll
0x00007ffdf87c0000 - 0x00007ffdf8867000 	C:\WINDOWS\System32\msvcrt.dll
0x00007ffdf9040000 - 0x00007ffdf90e4000 	C:\WINDOWS\System32\sechost.dll
0x00007ffdf81e0000 - 0x00007ffdf82f5000 	C:\WINDOWS\System32\RPCRT4.dll
0x00007ffdf8970000 - 0x00007ffdf8b1d000 	C:\WINDOWS\System32\USER32.dll
0x00007ffdf78a0000 - 0x00007ffdf78c6000 	C:\WINDOWS\System32\win32u.dll
0x00007ffdf8bb0000 - 0x00007ffdf8bd9000 	C:\WINDOWS\System32\GDI32.dll
0x00007ffdde240000 - 0x00007ffdde4ce000 	C:\WINDOWS\WinSxS\amd64_microsoft.windows.common-controls_6595b64144ccf1df_6.0.22621.608_none_a9444ca7c10bb01d\COMCTL32.dll
0x00007ffdf78d0000 - 0x00007ffdf79e2000 	C:\WINDOWS\System32\gdi32full.dll
0x00007ffdf7fa0000 - 0x00007ffdf803a000 	C:\WINDOWS\System32\msvcp_win.dll
0x00007ffde8650000 - 0x00007ffde865a000 	C:\WINDOWS\SYSTEM32\VERSION.dll
0x00007ffdfa1f0000 - 0x00007ffdfa222000 	C:\WINDOWS\System32\IMM32.DLL
0x00007ffde6220000 - 0x00007ffde622c000 	C:\Program Files\Java\jdk-18.0.1.1\bin\vcruntime140_1.dll
0x00007ffdbfd50000 - 0x00007ffdbfddd000 	C:\Program Files\Java\jdk-18.0.1.1\bin\msvcp140.dll
0x00007ffdabc80000 - 0x00007ffdac890000 	C:\Program Files\Java\jdk-18.0.1.1\bin\server\jvm.dll
0x00007ffdf87b0000 - 0x00007ffdf87b8000 	C:\WINDOWS\System32\PSAPI.DLL
0x00007ffde11a0000 - 0x00007ffde11a9000 	C:\WINDOWS\SYSTEM32\WSOCK32.dll
0x00007ffdf8100000 - 0x00007ffdf8171000 	C:\WINDOWS\System32\WS2_32.dll
0x00007ffded3f0000 - 0x00007ffded424000 	C:\WINDOWS\SYSTEM32\WINMM.dll
0x00007ffdf6750000 - 0x00007ffdf6768000 	C:\WINDOWS\SYSTEM32\kernel.appcore.dll
0x00007ffde5fc0000 - 0x00007ffde5fca000 	C:\Program Files\Java\jdk-18.0.1.1\bin\jimage.dll
0x00007ffdf2090000 - 0x00007ffdf22be000 	C:\WINDOWS\SYSTEM32\DBGHELP.DLL
0x00007ffdf8300000 - 0x00007ffdf868a000 	C:\WINDOWS\System32\combase.dll
0x00007ffdf8870000 - 0x00007ffdf8947000 	C:\WINDOWS\System32\OLEAUT32.dll
0x00007ffde4c50000 - 0x00007ffde4c82000 	C:\WINDOWS\SYSTEM32\dbgcore.DLL
0x00007ffdf7e00000 - 0x00007ffdf7e7b000 	C:\WINDOWS\System32\bcryptPrimitives.dll
0x00007ffde6540000 - 0x00007ffde654e000 	C:\Program Files\Java\jdk-18.0.1.1\bin\instrument.dll
0x00007ffdd0eb0000 - 0x00007ffdd0ed5000 	C:\Program Files\Java\jdk-18.0.1.1\bin\java.dll
0x00007ffdb5d40000 - 0x00007ffdb5e16000 	C:\Program Files\Java\jdk-18.0.1.1\bin\jsvml.dll
0x00007ffdf94d0000 - 0x00007ffdf9cbf000 	C:\WINDOWS\System32\SHELL32.dll
0x00007ffdf5700000 - 0x00007ffdf5fc8000 	C:\WINDOWS\SYSTEM32\windows.storage.dll
0x00007ffdf55c0000 - 0x00007ffdf56fe000 	C:\WINDOWS\SYSTEM32\wintypes.dll
0x00007ffdf8ec0000 - 0x00007ffdf8fb1000 	C:\WINDOWS\System32\SHCORE.dll
0x00007ffdf8180000 - 0x00007ffdf81de000 	C:\WINDOWS\System32\shlwapi.dll
0x00007ffdf7660000 - 0x00007ffdf7681000 	C:\WINDOWS\SYSTEM32\profapi.dll
0x00007ffdd06a0000 - 0x00007ffdd06b8000 	C:\Program Files\Java\jdk-18.0.1.1\bin\zip.dll
0x00007ffdd71c0000 - 0x00007ffdd71d3000 	C:\Program Files\Java\jdk-18.0.1.1\bin\net.dll
0x00007ffdec3a0000 - 0x00007ffdec4cf000 	C:\WINDOWS\SYSTEM32\WINHTTP.dll
0x00007ffdf6bd0000 - 0x00007ffdf6c39000 	C:\WINDOWS\system32\mswsock.dll
0x00007ffdd06c0000 - 0x00007ffdd06d6000 	C:\Program Files\Java\jdk-18.0.1.1\bin\nio.dll
0x00007ffdd03d0000 - 0x00007ffdd03ea000 	C:\Program Files\JetBrains\IntelliJ IDEA Community Edition 2022.1.1\bin\breakgen64.dll

dbghelp: loaded successfully - version: 4.0.5 - missing functions: none
symbol engine: initialized successfully - sym options: 0x614 - pdb path: .;C:\Program Files\Java\jdk-18.0.1.1\bin;C:\WINDOWS\SYSTEM32;C:\WINDOWS\WinSxS\amd64_microsoft.windows.common-controls_6595b64144ccf1df_6.0.22621.608_none_a9444ca7c10bb01d;C:\Program Files\Java\jdk-18.0.1.1\bin\server;C:\Program Files\JetBrains\IntelliJ IDEA Community Edition 2022.1.1\bin

VM Arguments:
jvm_args: -javaagent:C:\Program Files\JetBrains\IntelliJ IDEA Community Edition 2022.1.1\lib\idea_rt.jar=61970:C:\Program Files\JetBrains\IntelliJ IDEA Community Edition 2022.1.1\bin -Dfile.encoding=UTF-8 
java_command: br.com.tayluan.consumer.ConsumerApplication
java_class_path (initial): C:\Users\taylu\OneDrive\Documentos\desafios\consumer\consumer\target\classes;C:\Users\taylu\.m2\repository\org\springframework\boot\spring-boot-starter-amqp\3.0.4\spring-boot-starter-amqp-3.0.4.jar;C:\Users\taylu\.m2\repository\org\springframework\boot\spring-boot-starter\3.0.4\spring-boot-starter-3.0.4.jar;C:\Users\taylu\.m2\repository\org\springframework\boot\spring-boot\3.0.4\spring-boot-3.0.4.jar;C:\Users\taylu\.m2\repository\org\springframework\boot\spring-boot-autoconfigure\3.0.4\spring-boot-autoconfigure-3.0.4.jar;C:\Users\taylu\.m2\repository\org\springframework\boot\spring-boot-starter-logging\3.0.4\spring-boot-starter-logging-3.0.4.jar;C:\Users\taylu\.m2\repository\ch\qos\logback\logback-classic\1.4.5\logback-classic-1.4.5.jar;C:\Users\taylu\.m2\repository\ch\qos\logback\logback-core\1.4.5\logback-core-1.4.5.jar;C:\Users\taylu\.m2\repository\org\apache\logging\log4j\log4j-to-slf4j\2.19.0\log4j-to-slf4j-2.19.0.jar;C:\Users\taylu\.m2\repository\org\apache\logging\log4j\log4j-api\2.19.0\log4j-api-2.19.0.jar;C:\Users\taylu\.m2\repository\org\slf4j\jul-to-slf4j\2.0.6\jul-to-slf4j-2.0.6.jar;C:\Users\taylu\.m2\repository\jakarta\annotation\jakarta.annotation-api\2.1.1\jakarta.annotation-api-2.1.1.jar;C:\Users\taylu\.m2\repository\org\yaml\snakeyaml\1.33\snakeyaml-1.33.jar;C:\Users\taylu\.m2\repository\org\springframework\spring-messaging\6.0.6\spring-messaging-6.0.6.jar;C:\Users\taylu\.m2\repository\org\springframework\spring-beans\6.0.6\spring-beans-6.0.6.jar;C:\Users\taylu\.m2\repository\org\springframework\amqp\spring-rabbit\3.0.2\spring-rabbit-3.0.2.jar;C:\Users\taylu\.m2\repository\org\springframework\amqp\spring-amqp\3.0.2\spring-amqp-3.0.2.jar;C:\Users\taylu\.m2\repository\org\springframework\retry\spring-retry\2.0.0\spring-retry-2.0.0.jar;C:\Users\taylu\.m2\repository\com\rabbitmq\amqp-client\5.16.0\amqp-client-5.16.0.jar;C:\Users\taylu\.m2\repository\org\springframework\spring-context\6.0.6\spring-context-6.0.6.jar;C:\Users\taylu\.m2\repository\org\springframework\spring-tx\6.0.6\spring-tx-6.0.6.jar;C:\Users\taylu\.m2\repository\io\micrometer\micrometer-observation\1.10.4\micrometer-observation-1.10.4.jar;C:\Users\taylu\.m2\repository\io\micrometer\micrometer-commons\1.10.4\micrometer-commons-1.10.4.jar;C:\Users\taylu\.m2\repository\org\springframework\boot\spring-boot-starter-data-jpa\3.0.4\spring-boot-starter-data-jpa-3.0.4.jar;C:\Users\taylu\.m2\repository\org\springframework\boot\spring-boot-starter-aop\3.0.4\spring-boot-starter-aop-3.0.4.jar;C:\Users\taylu\.m2\repository\org\springframework\spring-aop\6.0.6\spring-aop-6.0.6.jar;C:\Users\taylu\.m2\repository\org\aspectj\aspectjweaver\1.9.19\aspectjweaver-1.9.19.jar;C:\Users\taylu\.m2\repository\org\springframework\boot\spring-boot-starter-jdbc\3.0.4\spring-boot-starter-jdbc-3.0.4.jar;C:\Users\taylu\.m2\repository\com\zaxxer\HikariCP\5.0.1\HikariCP-5.0.1.jar;C:\Users\taylu\.m2\repository\org\springframework\spring-jdbc\6.0.6\spring-jdbc-6.0.6.jar;C:\Users\taylu\.m2\repository\org\hibernate\orm\hibernate-core\6.1.7.Final\hibernate-core-6.1.7.Final.jar;C:\Users\taylu\.m2\repository\jakarta\persistence\jakarta.persistence-api\3.1.0\jakarta.persistence-api-3.1.0.jar;C:\Users\taylu\.m2\repository\jakarta\transaction\jakarta.transaction-api\2.0.1\jakarta.transaction-api-2.0.1.jar;C:\Users\taylu\.m2\repository\org\jboss\logging\jboss-logging\3.5.0.Final\jboss-logging-3.5.0.Final.jar;C:\Users\taylu\.m2\repository\org\hibernate\common\hibernate-commons-annotations\6.0.6.Final\hibernate-commons-annotations-6.0.6.Final.jar;C:\Users\taylu\.m2\repository\org\jboss\jandex\2.4.2.Final\jandex-2.4.2.Final.jar;C:\Users\taylu\.m2\repository\com\fasterxml\classmate\1.5.1\classmate-1.5.1.jar;C:\Users\taylu\.m2\repository\net\bytebuddy\byte-buddy\1.12.23\byte-buddy-1.12.23.jar;C:\Users\taylu\.m2\repository\org\glassfish\jaxb\jaxb-runtime\4.0.2\jaxb-runtime-4.0.2.jar;C:\Users\taylu\.m2\repository\org\glassfish\jaxb\jaxb-core\4.0.2\jaxb-core-4.0.2.jar;C:\Users\taylu\.m2\repository\org\eclipse\angus\angus-activation\2.0.0\angus-activation-2.0.0.jar;C:\Users\taylu\.m2\repository\org\glassfish\jaxb\txw2\4.0.2\txw2-4.0.2.jar;C:\Users\taylu\.m2\repository\com\sun\istack\istack-commons-runtime\4.1.1\istack-commons-runtime-4.1.1.jar;C:\Users\taylu\.m2\repository\jakarta\inject\jakarta.inject-api\2.0.0\jakarta.inject-api-2.0.0.jar;C:\Users\taylu\.m2\repository\org\antlr\antlr4-runtime\4.10.1\antlr4-runtime-4.10.1.jar;C:\Users\taylu\.m2\repository\org\springframework\data\spring-data-jpa\3.0.3\spring-data-jpa-3.0.3.jar;C:\Users\taylu\.m2\repository\org\springframework\data\spring-data-commons\3.0.3\spring-data-commons-3.0.3.jar;C:\Users\taylu\.m2\repository\org\springframework\spring-orm\6.0.6\spring-orm-6.0.6.jar;C:\Users\taylu\.m2\repository\org\slf4j\slf4j-api\2.0.6\slf4j-api-2.0.6.jar;C:\Users\taylu\.m2\repository\org\springframework\spring-aspects\6.0.6\spring-aspects-6.0.6.jar;C:\Users\taylu\.m2\repository\org\springframework\boot\spring-boot-starter-validation\3.0.4\spring-boot-starter-validation-3.0.4.jar;C:\Users\taylu\.m2\repository\org\apache\tomcat\embed\tomcat-embed-el\10.1.5\tomcat-embed-el-10.1.5.jar;C:\Users\taylu\.m2\repository\org\hibernate\validator\hibernate-validator\8.0.0.Final\hibernate-validator-8.0.0.Final.jar;C:\Users\taylu\.m2\repository\jakarta\validation\jakarta.validation-api\3.0.2\jakarta.validation-api-3.0.2.jar;C:\Users\taylu\.m2\repository\org\springframework\boot\spring-boot-starter-web\3.0.4\spring-boot-starter-web-3.0.4.jar;C:\Users\taylu\.m2\repository\org\springframework\boot\spring-boot-starter-json\3.0.4\spring-boot-starter-json-3.0.4.jar;C:\Users\taylu\.m2\repository\com\fasterxml\jackson\core\jackson-databind\2.14.2\jackson-databind-2.14.2.jar;C:\Users\taylu\.m2\repository\com\fasterxml\jackson\core\jackson-annotations\2.14.2\jackson-annotations-2.14.2.jar;C:\Users\taylu\.m2\repository\com\fasterxml\jackson\core\jackson-core\2.14.2\jackson-core-2.14.2.jar;C:\Users\taylu\.m2\repository\com\fasterxml\jackson\datatype\jackson-datatype-jdk8\2.14.2\jackson-datatype-jdk8-2.14.2.jar;C:\Users\taylu\.m2\repository\com\fasterxml\jackson\datatype\jackson-datatype-jsr310\2.14.2\jackson-datatype-jsr310-2.14.2.jar;C:\Users\taylu\.m2\repository\com\fasterxml\jackson\module\jackson-module-parameter-names\2.14.2\jackson-module-parameter-names-2.14.2.jar;C:\Users\taylu\.m2\repository\org\springframework\boot\spring-boot-starter-tomcat\3.0.4\spring-boot-starter-tomcat-3.0.4.jar;C:\Users\taylu\.m2\repository\org\apache\tomcat\embed\tomcat-embed-core\10.1.5\tomcat-embed-core-10.1.5.jar;C:\Users\taylu\.m2\repository\org\apache\tomcat\embed\tomcat-embed-websocket\10.1.5\tomcat-embed-websocket-10.1.5.jar;C:\Users\taylu\.m2\repository\org\springframework\spring-web\6.0.6\spring-web-6.0.6.jar;C:\Users\taylu\.m2\repository\org\springframework\spring-webmvc\6.0.6\spring-webmvc-6.0.6.jar;C:\Users\taylu\.m2\repository\org\springframework\spring-expression\6.0.6\spring-expression-6.0.6.jar;C:\Users\taylu\.m2\repository\org\flywaydb\flyway-core\9.5.1\flyway-core-9.5.1.jar;C:\Users\taylu\.m2\repository\com\electronwill\night-config\toml\3.6.6\toml-3.6.6.jar;C:\Users\taylu\.m2\repository\com\electronwill\night-config\core\3.6.6\core-3.6.6.jar;C:\Users\taylu\.m2\repository\org\flywaydb\flyway-mysql\9.5.1\flyway-mysql-9.5.1.jar;C:\Users\taylu\.m2\repository\com\mysql\mysql-connector-j\8.0.32\mysql-connector-j-8.0.32.jar;C:\Users\taylu\.m2\repository\org\projectlombok\lombok\1.18.26\lombok-1.18.26.jar;C:\Users\taylu\.m2\repository\jakarta\xml\bind\jakarta.xml.bind-api\4.0.0\jakarta.xml.bind-api-4.0.0.jar;C:\Users\taylu\.m2\repository\jakarta\activation\jakarta.activation-api\2.1.1\jakarta.activation-api-2.1.1.jar;C:\Users\taylu\.m2\repository\org\springframework\spring-core\6.0.6\spring-core-6.0.6.jar;C:\Users\taylu\.m2\repository\org\springframework\spring-jcl\6.0.6\spring-jcl-6.0.6.jar;C:\Users\taylu\.m2\repository\org\modelmapper\modelmapper\3.1.0\modelmapper-3.1.0.jar
Launcher Type: SUN_STANDARD

[Global flags]
     intx CICompilerCount                          = 3                                         {product} {ergonomic}
     uint ConcGCThreads                            = 1                                         {product} {ergonomic}
     uint G1ConcRefinementThreads                  = 4                                         {product} {ergonomic}
   size_t G1HeapRegionSize                         = 1048576                                   {product} {ergonomic}
    uintx GCDrainStackTargetSize                   = 64                                        {product} {ergonomic}
   size_t InitialHeapSize                          = 65011712                                  {product} {ergonomic}
   size_t MarkStackSize                            = 4194304                                   {product} {ergonomic}
   size_t MaxHeapSize                              = 1027604480                                {product} {ergonomic}
   size_t MaxNewSize                               = 616562688                                 {product} {ergonomic}
   size_t MinHeapDeltaBytes                        = 1048576                                   {product} {ergonomic}
   size_t MinHeapSize                              = 8388608                                   {product} {ergonomic}
    uintx NonNMethodCodeHeapSize                   = 5832780                                {pd product} {ergonomic}
    uintx NonProfiledCodeHeapSize                  = 122912730                              {pd product} {ergonomic}
    uintx ProfiledCodeHeapSize                     = 122912730                              {pd product} {ergonomic}
    uintx ReservedCodeCacheSize                    = 251658240                              {pd product} {ergonomic}
     bool SegmentedCodeCache                       = true                                      {product} {ergonomic}
   size_t SoftMaxHeapSize                          = 1027604480                             {manageable} {ergonomic}
     bool UseCompressedClassPointers               = true                           {product lp64_product} {ergonomic}
     bool UseCompressedOops                        = true                           {product lp64_product} {ergonomic}
     bool UseG1GC                                  = true                                      {product} {ergonomic}
     bool UseLargePagesIndividualAllocation        = false                                  {pd product} {ergonomic}

Logging:
Log output configuration:
 #0: stdout all=warning uptime,level,tags foldmultilines=false
 #1: stderr all=off uptime,level,tags foldmultilines=false

Environment Variables:
JAVA_HOME=C:\Program Files\Java\jdk-18.0.1.1
PATH=C:\Program Files\Common Files\Oracle\Java\javapath;C:\WINDOWS\system32;C:\WINDOWS;C:\WINDOWS\System32\Wbem;C:\WINDOWS\System32\WindowsPowerShell\v1.0\;C:\WINDOWS\System32\OpenSSH\;C:\Program Files\Git\cmd;C:\Program Files (x86)\Yarn\bin\;C:\Program Files\Docker\Docker\resources\bin;C:\ProgramData\DockerDesktop\version-bin;C:\Program Files\Java\jdk-18.0.1.1\bin;C:\Program Files\Maven\bin;C:\Program Files\nodejs\;C:\Users\taylu\AppData\Roaming\npm;C:\Users\taylu\AppData\Local\Programs\Microsoft VS Code\bin;C:\Users\taylu\AppData\Local\Microsoft\WindowsApps;
USERNAME=taylu
OS=Windows_NT
PROCESSOR_IDENTIFIER=Intel64 Family 6 Model 142 Stepping 12, GenuineIntel



---------------  S Y S T E M  ---------------

OS:
 Windows 11 , 64 bit Build 22621 (10.0.22621.1194)
OS uptime: 1 days 4:50 hours
Hyper-V role detected

CPU: total 4 (initial active 4) (2 cores per cpu, 2 threads per core) family 6 model 142 stepping 12 microcode 0xea, cx8, cmov, fxsr, ht, mmx, 3dnowpref, sse, sse2, sse3, ssse3, sse4.1, sse4.2, popcnt, lzcnt, tsc, tscinvbit, avx, avx2, aes, erms, clmul, bmi1, bmi2, adx, fma, vzeroupper, clflush, clflushopt, hv

Memory: 4k page, system-wide physical 3918M (154M free)
TotalPageFile size 11918M (AvailPageFile size 0M)
current process WorkingSet (physical memory assigned to process): 77M, peak: 77M
current process commit charge ("private bytes"): 154M, peak: 155M

vm_info: Java HotSpot(TM) 64-Bit Server VM (18.0.1.1+2-6) for windows-amd64 JRE (18.0.1.1+2-6), built on Apr 25 2022 21:53:15 by "mach5one" with MS VC++ 16.8 / 16.9 (VS2019)

END.
